HeartRadar With Frequency Selection/app/build/intermediates/manifest_merge_blame_file/debug/manifest-merger-blame-debug-report.txt
1<?xml version="1.0" encoding="utf-8"?>
2<manifest xmlns:android="http://schemas.android.com/apk/res/android"
3    package="io.github.eagle38394516.heartradar"
4    android:versionCode="1"
5    android:versionName="1.0" >
6
7    <uses-sdk
8        android:minSdkVersion="23"
8-->src\main\AndroidManifest.xml
9        android:targetSdkVersion="29" />
9-->src\main\AndroidManifest.xml
10
11    <uses-feature
11-->src\main\AndroidManifest.xml:5:5-7:39
12        android:name="android.hardware.bluetooth_le"
12-->src\main\AndroidManifest.xml:6:13-57
13        android:required="true" />
13-->src\main\AndroidManifest.xml:7:13-36
14
15    <uses-permission android:name="android.permission.WRITE_EXTERNAL_STORAGE" />
15-->src\main\AndroidManifest.xml:9:5-81
15-->src\main\AndroidManifest.xml:9:22-78
16    <uses-permission android:name="android.permission.INTERNET" />
16-->src\main\AndroidManifest.xml:10:5-67
16-->src\main\AndroidManifest.xml:10:22-64
17    <uses-permission android:name="android.permission.BLUETOOTH" />
17-->src\main\AndroidManifest.xml:12:5-68
17-->src\main\AndroidManifest.xml:12:22-65
18    <uses-permission android:name="android.permission.BLUETOOTH_ADMIN" />
18-->src\main\AndroidManifest.xml:13:5-74
18-->src\main\AndroidManifest.xml:13:22-71
19    <uses-permission android:name="android.permission.ACCESS_COARSE_LOCATION" />
19-->src\main\AndroidManifest.xml:14:5-81
19-->src\main\AndroidManifest.xml:14:22-78
20    <uses-permission android:name="android.permission.ACCESS_FINE_LOCATION" />
20-->src\main\AndroidManifest.xml:15:5-79
20-->src\main\AndroidManifest.xml:15:22-76
21
22    <application
22-->src\main\AndroidManifest.xml:17:5-32:19
23        android:allowBackup="true"
23-->src\main\AndroidManifest.xml:18:13-39
24        android:appComponentFactory="androidx.core.app.CoreComponentFactory"
24-->[androidx.core:core:1.0.1] AndroidManifest.xml:22:18-86
25        android:debuggable="true"
26        android:icon="@mipmap/ic_launcher"
26-->src\main\AndroidManifest.xml:19:13-47
27        android:label="@string/app_name"
27-->src\main\AndroidManifest.xml:20:13-45
28        android:roundIcon="@mipmap/ic_launcher_round"
28-->src\main\AndroidManifest.xml:21:13-58
29        android:supportsRtl="true"
29-->src\main\AndroidManifest.xml:22:13-39
30        android:testOnly="true"
31        android:theme="@style/AppTheme" >
31-->src\main\AndroidManifest.xml:23:13-44
32        <activity android:name="io.github.eagle38394516.heartradar.MainActivity" >
32-->src\main\AndroidManifest.xml:24:9-30:20
32-->src\main\AndroidManifest.xml:24:19-47
33            <intent-filter>
33-->src\main\AndroidManifest.xml:25:13-29:29
34                <action android:name="android.intent.action.MAIN" />
34-->src\main\AndroidManifest.xml:26:17-69
34-->src\main\AndroidManifest.xml:26:25-66
35
36                <category android:name="android.intent.category.LAUNCHER" />
36-->src\main\AndroidManifest.xml:28:17-77
36-->src\main\AndroidManifest.xml:28:27-74
37            </intent-filter>
38        </activity>
39        <activity android:name="io.github.eagle38394516.heartradar.BleConnection" />
39-->src\main\AndroidManifest.xml:31:9-60
39-->src\main\AndroidManifest.xml:31:19-48
40    </application>
41
42</manifest>